# JRE version: 6.0_33-b33
# Java VM: OpenJDK 64-Bit Server VM (23.25-b01 mixed mode linux-amd64 compressed oops)
Heap
 PSYoungGen      total 57152K, used 32229K [0x00000007d6f60000, 0x00000007daba0000, 0x0000000800000000)
  eden space 56960K, 56% used [0x00000007d6f60000,0x00000007d8ed94c8,0x00000007da700000)
  from space 192K, 0% used [0x00000007dab70000,0x00000007dab70000,0x00000007daba0000)
  to   space 1984K, 0% used [0x00000007da7c0000,0x00000007da7c0000,0x00000007da9b0000)
 ParOldGen       total 78912K, used 21351K [0x0000000784e00000, 0x0000000789b10000, 0x00000007d6f60000)
  object space 78912K, 27% used [0x0000000784e00000,0x00000007862d9e78,0x0000000789b10000)
 PSPermGen       total 62528K, used 29327K [0x000000077a800000, 0x000000077e510000, 0x0000000784e00000)
  object space 62528K, 46% used [0x000000077a800000,0x000000077c4a3d48,0x000000077e510000)
GC Heap History (10 events):
Event: 536.344 GC heap before
{Heap before GC invocations=83 (full 2):
 PSYoungGen      total 52480K, used 52448K [0x00000007d6f60000, 0x00000007dafa0000, 0x0000000800000000)
  eden space 51008K, 100% used [0x00000007d6f60000,0x00000007da130000,0x00000007da130000)
  from space 1472K, 97% used [0x00000007dae30000,0x00000007daf98000,0x00000007dafa0000)
  to   space 1984K, 0% used [0x00000007dabc0000,0x00000007dabc0000,0x00000007dadb0000)
 ParOldGen       total 78912K, used 63197K [0x0000000784e00000, 0x0000000789b10000, 0x00000007d6f60000)
  object space 78912K, 80% used [0x0000000784e00000,0x0000000788bb7568,0x0000000789b10000)
 PSPermGen       total 64576K, used 29306K [0x000000077a800000, 0x000000077e710000, 0x0000000784e00000)
  object space 64576K, 45% used [0x000000077a800000,0x000000077c49ea10,0x000000077e710000)
Event: 536.348 GC heap after
Heap after GC invocations=83 (full 2):
 PSYoungGen      total 62464K, used 1696K [0x00000007d6f60000, 0x00000007daf10000, 0x0000000800000000)
  eden space 60736K, 0% used [0x00000007d6f60000,0x00000007d6f60000,0x00000007daab0000)
  from space 1728K, 98% used [0x00000007dabc0000,0x00000007dad68000,0x00000007dad70000)
  to   space 1664K, 0% used [0x00000007dad70000,0x00000007dad70000,0x00000007daf10000)
 ParOldGen       total 78912K, used 64237K [0x0000000784e00000, 0x0000000789b10000, 0x00000007d6f60000)
  object space 78912K, 81% used [0x0000000784e00000,0x0000000788cbb568,0x0000000789b10000)
 PSPermGen       total 64576K, used 29306K [0x000000077a800000, 0x000000077e710000, 0x0000000784e00000)
  object space 64576K, 45% used [0x000000077a800000,0x000000077c49ea10,0x000000077e710000)
}
Event: 539.937 GC heap before
{Heap before GC invocations=84 (full 2):
 PSYoungGen      total 62464K, used 62432K [0x00000007d6f60000, 0x00000007daf10000, 0x0000000800000000)
  eden space 60736K, 100% used [0x00000007d6f60000,0x00000007daab0000,0x00000007daab0000)
  from space 1728K, 98% used [0x00000007dabc0000,0x00000007dad68000,0x00000007dad70000)
  to   space 1664K, 0% used [0x00000007dad70000,0x00000007dad70000,0x00000007daf10000)
 ParOldGen       total 78912K, used 64237K [0x0000000784e00000, 0x0000000789b10000, 0x00000007d6f60000)
  object space 78912K, 81% used [0x0000000784e00000,0x0000000788cbb568,0x0000000789b10000)
 PSPermGen       total 64576K, used 29310K [0x000000077a800000, 0x000000077e710000, 0x0000000784e00000)
  object space 64576K, 45% used [0x000000077a800000,0x000000077c49fad8,0x000000077e710000)
Event: 539.942 GC heap after
Heap after GC invocations=84 (full 2):
 PSYoungGen      total 59136K, used 288K [0x00000007d6f60000, 0x00000007dadc0000, 0x0000000800000000)
  eden space 58816K, 0% used [0x00000007d6f60000,0x00000007d6f60000,0x00000007da8d0000)
  from space 320K, 90% used [0x00000007dad70000,0x00000007dadb8000,0x00000007dadc0000)
  to   space 2176K, 0% used [0x00000007da980000,0x00000007da980000,0x00000007daba0000)
 ParOldGen       total 78912K, used 65813K [0x0000000784e00000, 0x0000000789b10000, 0x00000007d6f60000)
  object space 78912K, 83% used [0x0000000784e00000,0x0000000788e45568,0x0000000789b10000)
 PSPermGen       total 64576K, used 29310K [0x000000077a800000, 0x000000077e710000, 0x0000000784e00000)
  object space 64576K, 45% used [0x000000077a800000,0x000000077c49fad8,0x000000077e710000)
}
Event: 553.972 GC heap before
{Heap before GC invocations=85 (full 2):
 PSYoungGen      total 59136K, used 59104K [0x00000007d6f60000, 0x00000007dadc0000, 0x0000000800000000)
  eden space 58816K, 100% used [0x00000007d6f60000,0x00000007da8d0000,0x00000007da8d0000)
  from space 320K, 90% used [0x00000007dad70000,0x00000007dadb8000,0x00000007dadc0000)
  to   space 2176K, 0% used [0x00000007da980000,0x00000007da980000,0x00000007daba0000)
 ParOldGen       total 78912K, used 65813K [0x0000000784e00000, 0x0000000789b10000, 0x00000007d6f60000)
  object space 78912K, 83% used [0x0000000784e00000,0x0000000788e45568,0x0000000789b10000)
 PSPermGen       total 64576K, used 29317K [0x000000077a800000, 0x000000077e710000, 0x0000000784e00000)
  object space 64576K, 45% used [0x000000077a800000,0x000000077c4a14d8,0x000000077e710000)
Event: 553.975 GC heap after
Heap after GC invocations=85 (full 2):
 PSYoungGen      total 57216K, used 224K [0x00000007d6f60000, 0x00000007dad80000, 0x0000000800000000)
  eden space 56960K, 0% used [0x00000007d6f60000,0x00000007d6f60000,0x00000007da700000)
  from space 256K, 87% used [0x00000007da980000,0x00000007da9b8000,0x00000007da9c0000)
  to   space 2112K, 0% used [0x00000007dab70000,0x00000007dab70000,0x00000007dad80000)
 ParOldGen       total 78912K, used 65933K [0x0000000784e00000, 0x0000000789b10000, 0x00000007d6f60000)
  object space 78912K, 83% used [0x0000000784e00000,0x0000000788e63568,0x0000000789b10000)
 PSPermGen       total 64576K, used 29317K [0x000000077a800000, 0x000000077e710000, 0x0000000784e00000)
  object space 64576K, 45% used [0x000000077a800000,0x000000077c4a14d8,0x000000077e710000)
}
Event: 1157.373 GC heap before
{Heap before GC invocations=86 (full 2):
 PSYoungGen      total 57216K, used 17314K [0x00000007d6f60000, 0x00000007dad80000, 0x0000000800000000)
  eden space 56960K, 30% used [0x00000007d6f60000,0x00000007d8010970,0x00000007da700000)
  from space 256K, 87% used [0x00000007da980000,0x00000007da9b8000,0x00000007da9c0000)
  to   space 2112K, 0% used [0x00000007dab70000,0x00000007dab70000,0x00000007dad80000)
 ParOldGen       total 78912K, used 65933K [0x0000000784e00000, 0x0000000789b10000, 0x00000007d6f60000)
  object space 78912K, 83% used [0x0000000784e00000,0x0000000788e63568,0x0000000789b10000)
 PSPermGen       total 64576K, used 29325K [0x000000077a800000, 0x000000077e710000, 0x0000000784e00000)
  object space 64576K, 45% used [0x000000077a800000,0x000000077c4a3720,0x000000077e710000)
Event: 1157.376 GC heap after
Heap after GC invocations=86 (full 2):
 PSYoungGen      total 57152K, used 192K [0x00000007d6f60000, 0x00000007daba0000, 0x0000000800000000)
  eden space 56960K, 0% used [0x00000007d6f60000,0x00000007d6f60000,0x00000007da700000)
  from space 192K, 100% used [0x00000007dab70000,0x00000007daba0000,0x00000007daba0000)
  to   space 1984K, 0% used [0x00000007da7c0000,0x00000007da7c0000,0x00000007da9b0000)
 ParOldGen       total 78912K, used 65973K [0x0000000784e00000, 0x0000000789b10000, 0x00000007d6f60000)
  object space 78912K, 83% used [0x0000000784e00000,0x0000000788e6d568,0x0000000789b10000)
 PSPermGen       total 64576K, used 29325K [0x000000077a800000, 0x000000077e710000, 0x0000000784e00000)
  object space 64576K, 45% used [0x000000077a800000,0x000000077c4a3720,0x000000077e710000)
}
Event: 1157.376 GC heap before
{Heap before GC invocations=87 (full 3):
 PSYoungGen      total 57152K, used 192K [0x00000007d6f60000, 0x00000007daba0000, 0x0000000800000000)
  eden space 56960K, 0% used [0x00000007d6f60000,0x00000007d6f60000,0x00000007da700000)
  from space 192K, 100% used [0x00000007dab70000,0x00000007daba0000,0x00000007daba0000)
  to   space 1984K, 0% used [0x00000007da7c0000,0x00000007da7c0000,0x00000007da9b0000)
 ParOldGen       total 78912K, used 65973K [0x0000000784e00000, 0x0000000789b10000, 0x00000007d6f60000)
  object space 78912K, 83% used [0x0000000784e00000,0x0000000788e6d568,0x0000000789b10000)
 PSPermGen       total 64576K, used 29325K [0x000000077a800000, 0x000000077e710000, 0x0000000784e00000)
  object space 64576K, 45% used [0x000000077a800000,0x000000077c4a3720,0x000000077e710000)
Event: 1157.424 GC heap after
Heap after GC invocations=87 (full 3):
 PSYoungGen      total 57152K, used 0K [0x00000007d6f60000, 0x00000007daba0000, 0x0000000800000000)
  eden space 56960K, 0% used [0x00000007d6f60000,0x00000007d6f60000,0x00000007da700000)
  from space 192K, 0% used [0x00000007dab70000,0x00000007dab70000,0x00000007daba0000)
  to   space 1984K, 0% used [0x00000007da7c0000,0x00000007da7c0000,0x00000007da9b0000)
 ParOldGen       total 78912K, used 21351K [0x0000000784e00000, 0x0000000789b10000, 0x00000007d6f60000)
  object space 78912K, 27% used [0x0000000784e00000,0x00000007862d9e78,0x0000000789b10000)
 PSPermGen       total 62528K, used 29323K [0x000000077a800000, 0x000000077e510000, 0x0000000784e00000)
  object space 62528K, 46% used [0x000000077a800000,0x000000077c4a2f60,0x000000077e510000)
}

